<?xml version="1.0" encoding="UTF-8"?>
<!-- Generated by org.testng.reporters.JUnitXMLReporter -->
<testsuite ignored="0" hostname="Prasad" failures="0" tests="3" name="Default test" time="119.417" errors="0" timestamp="2021-11-10T16:33:48 IST">
  <testcase classname="tests.ChromeTest" name="testOne" time="81.951"/>
  <testcase classname="tests.ChromeTest" name="orangeHRMLoginTest" time="12.119"/>
  <testcase classname="tests.BaseClass" name="sampleTest1" time="0.003"/>
</testsuite> <!-- Default test -->
